#
# There is insufficient memory for the Java Runtime Environment to continue.
# Native memory allocation (malloc) failed to allocate 262416 bytes for Chunk::new
# Possible reasons:
#   The system is out of physical RAM or swap space
#   The process is running with CompressedOops enabled, and the Java Heap may be blocking the growth of the native heap
# Possible solutions:
#   Reduce memory load on the system
#   Increase physical memory or swap space
#   Check if swap backing store is full
#   Decrease Java heap size (-Xmx/-Xms)
#   Decrease number of Java threads
#   Decrease Java thread stack sizes (-Xss)
#   Set larger code cache with -XX:ReservedCodeCacheSize=
#   JVM is running with Unscaled Compressed Oops mode in which the Java heap is
#     placed in the first 4GB address space. The Java Heap base address is the
#     maximum limit for the native heap growth. Please use -XX:HeapBaseMinAddress
#     to set the Java Heap base and to place the Java Heap above 4GB virtual address.
# This output file may be truncated or incomplete.
#
#  Out of Memory Error (./open/src/hotspot/share/memory/arena.cpp:197), pid=1536, tid=11924
#
# JRE version: Java(TM) SE Runtime Environment 18.9 (11.0.9+7) (build 11.0.9+7-LTS)
# Java VM: Java HotSpot(TM) 64-Bit Server VM 18.9 (11.0.9+7-LTS, mixed mode, tiered, compressed oops, parallel gc, windows-amd64)
# No core dump will be written. Minidumps are not enabled by default on client versions of Windows
#

---------------  S U M M A R Y ------------

Command Line: --add-modules=ALL-SYSTEM --add-opens=java.base/java.util=ALL-UNNAMED --add-opens=java.base/java.lang=ALL-UNNAMED -Declipse.application=org.eclipse.jdt.ls.core.id1 -Dosgi.bundles.defaultStartLevel=4 -Declipse.product=org.eclipse.jdt.ls.core.product -Dfile.encoding=utf8 -DwatchParentProcess=false -XX:+UseParallelGC -XX:GCTimeRatio=4 -XX:AdaptiveSizePolicyWeight=90 -Dsun.zip.disableMemoryMapping=true -Xmx1G -Xms100m -javaagent:c:\Users\ramonzito\.vscode\extensions\gabrielbb.vscode-lombok-1.0.1\server\lombok.jar -Xverify:none c:\Users\ramonzito\.vscode\extensions\redhat.java-0.76.0\server\plugins\org.eclipse.equinox.launcher_1.6.100.v20201223-0822.jar -configuration c:\Users\ramonzito\AppData\Roaming\Code\User\globalStorage\redhat.java\0.76.0\config_win -data c:\Users\ramonzito\AppData\Roaming\Code\User\workspaceStorage\74d96b6234e910250441b717b81e5b40\redhat.java\jdt_ws

Host: Intel(R) Core(TM) i5-8250U CPU @ 1.60GHz, 8 cores, 7G,  Windows 10 , 64 bit Build 19041 (10.0.19041.804)
Time: Wed Mar 24 11:38:49 2021 Hora oficial do Brasil elapsed time: 3.578533 seconds (0d 0h 0m 3s)

---------------  T H R E A D  ---------------

Current thread (0x000001b674c64800):  JavaThread "C2 CompilerThread0" daemon [_thread_in_native, id=11924, stack(0x00000086dcf00000,0x00000086dd000000)]


Current CompileTask:
C2:   3578 2362       4       java.util.Properties$LineReader::readLine (584 bytes)

Stack: [0x00000086dcf00000,0x00000086dd000000]
Native frames: (J=compiled Java code, j=interpreted, Vv=VM code, C=native code)
V  [jvm.dll+0x611a3a]
V  [jvm.dll+0x748aaf]
V  [jvm.dll+0x74a135]
V  [jvm.dll+0x74a7b3]
V  [jvm.dll+0x2439f8]
V  [jvm.dll+0xba2bc]
V  [jvm.dll+0xba9bc]
V  [jvm.dll+0x2b4274]
V  [jvm.dll+0x52a046]
V  [jvm.dll+0x20565d]
V  [jvm.dll+0x1ff5aa]
V  [jvm.dll+0x1fc52f]
V  [jvm.dll+0x17f08c]
V  [jvm.dll+0x20bc54]
V  [jvm.dll+0x209d2b]
V  [jvm.dll+0x7103d9]
V  [jvm.dll+0x709114]
V  [jvm.dll+0x610cb6]
C  [ucrtbase.dll+0x21bb2]
C  [KERNEL32.DLL+0x17034]
C  [ntdll.dll+0x52651]


---------------  P R O C E S S  ---------------

Threads class SMR info:
_java_thread_list=0x000001b6774d7450, length=20, elements={
0x000001b65ae01000, 0x000001b674c48000, 0x000001b674c51800, 0x000001b675d14800,
0x000001b675d15800, 0x000001b674c64800, 0x000001b674c69800, 0x000001b674c6e800,
0x000001b675de9800, 0x000001b676045000, 0x000001b6773fa800, 0x000001b6780ff000,
0x000001b6778f6800, 0x000001b6777d8000, 0x000001b6774d0800, 0x000001b677e51000,
0x000001b677f20800, 0x000001b675e71000, 0x000001b678257000, 0x000001b678295000
}

Java Threads: ( => current thread )
  0x000001b65ae01000 JavaThread "main" [_thread_in_vm, id=5444, stack(0x00000086dc800000,0x00000086dc900000)]
  0x000001b674c48000 JavaThread "Reference Handler" daemon [_thread_blocked, id=4516, stack(0x00000086dcb00000,0x00000086dcc00000)]
  0x000001b674c51800 JavaThread "Finalizer" daemon [_thread_blocked, id=7704, stack(0x00000086dcc00000,0x00000086dcd00000)]
  0x000001b675d14800 JavaThread "Signal Dispatcher" daemon [_thread_blocked, id=11368, stack(0x00000086dcd00000,0x00000086dce00000)]
  0x000001b675d15800 JavaThread "Attach Listener" daemon [_thread_blocked, id=9972, stack(0x00000086dce00000,0x00000086dcf00000)]
=>0x000001b674c64800 JavaThread "C2 CompilerThread0" daemon [_thread_in_native, id=11924, stack(0x00000086dcf00000,0x00000086dd000000)]
  0x000001b674c69800 JavaThread "C1 CompilerThread0" daemon [_thread_blocked, id=8476, stack(0x00000086dd000000,0x00000086dd100000)]
  0x000001b674c6e800 JavaThread "Sweeper thread" daemon [_thread_blocked, id=10572, stack(0x00000086dd100000,0x00000086dd200000)]
  0x000001b675de9800 JavaThread "Common-Cleaner" daemon [_thread_blocked, id=9892, stack(0x00000086dd200000,0x00000086dd300000)]
  0x000001b676045000 JavaThread "Service Thread" daemon [_thread_blocked, id=10056, stack(0x00000086dd400000,0x00000086dd500000)]
  0x000001b6773fa800 JavaThread "Active Thread: Equinox Container: 60928240-84bb-4596-b380-11fe2431b5aa" [_thread_blocked, id=10984, stack(0x00000086dd800000,0x00000086dd900000)]
  0x000001b6780ff000 JavaThread "Framework Event Dispatcher: Equinox Container: 60928240-84bb-4596-b380-11fe2431b5aa" daemon [_thread_blocked, id=11732, stack(0x00000086dd900000,0x00000086dda00000)]
  0x000001b6778f6800 JavaThread "Start Level: Equinox Container: 60928240-84bb-4596-b380-11fe2431b5aa" daemon [_thread_blocked, id=12028, stack(0x00000086dda00000,0x00000086ddb00000)]
  0x000001b6777d8000 JavaThread "SCR Component Actor" daemon [_thread_blocked, id=6928, stack(0x00000086ddd00000,0x00000086dde00000)]
  0x000001b6774d0800 JavaThread "Timer-0" daemon [_thread_blocked, id=11948, stack(0x00000086dde00000,0x00000086ddf00000)]
  0x000001b677e51000 JavaThread "Bundle File Closer" daemon [_thread_blocked, id=9232, stack(0x00000086dd600000,0x00000086dd700000)]
  0x000001b677f20800 JavaThread "Worker-JM" [_thread_blocked, id=11636, stack(0x00000086ddf00000,0x00000086de000000)]
  0x000001b675e71000 JavaThread "Worker-0" [_thread_blocked, id=5764, stack(0x00000086dd300000,0x00000086dd400000)]
  0x000001b678257000 JavaThread "C2 CompilerThread1" daemon [_thread_in_native, id=2540, stack(0x00000086de200000,0x00000086de300000)]
  0x000001b678295000 JavaThread "Worker-1" [_thread_blocked, id=7064, stack(0x00000086de300000,0x00000086de400000)]

Other Threads:
  0x000001b675cd2000 VMThread "VM Thread" [stack: 0x00000086dca00000,0x00000086dcb00000] [id=1884]
  0x000001b676087800 WatcherThread [stack: 0x00000086dd500000,0x00000086dd600000] [id=5500]
  0x000001b65ae16800 GCTaskThread "ParGC Thread#0" [stack: 0x00000086dc900000,0x00000086dca00000] [id=8848]
  0x000001b677c76800 GCTaskThread "ParGC Thread#1" [stack: 0x00000086dd700000,0x00000086dd800000] [id=11280]
  0x000001b6777c1800 GCTaskThread "ParGC Thread#2" [stack: 0x00000086ddb00000,0x00000086ddc00000] [id=3844]
  0x000001b6777c0000 GCTaskThread "ParGC Thread#3" [stack: 0x00000086ddc00000,0x00000086ddd00000] [id=10960]
  0x000001b6777bf800 GCTaskThread "ParGC Thread#4" [stack: 0x00000086de000000,0x00000086de100000] [id=1272]
  0x000001b6777c4000 GCTaskThread "ParGC Thread#5" [stack: 0x00000086de100000,0x00000086de200000] [id=8840]

Threads with active compile tasks:
C2 CompilerThread0   3605 2362       4       java.util.Properties$LineReader::readLine (584 bytes)
C1 CompilerThread0   3605 2424   !   3       jdk.internal.loader.Resource::getBytes (242 bytes)
C2 CompilerThread1   3605 2374       4       java.util.HashSet::add (20 bytes)

VM state:not at safepoint (normal execution)

VM Mutex/Monitor currently owned by a thread: None

OutOfMemory and StackOverflow Exception counts:
OutOfMemoryError java_heap_errors=3
LinkageErrors=20

Heap address: 0x00000000c0000000, size: 1024 MB, Compressed Oops mode: 32-bit
Narrow klass base: 0x0000000000000000, Narrow klass shift: 3
Compressed class space size: 1073741824 Address: 0x0000000100000000

Heap:
 PSYoungGen      total 29696K, used 20029K [0x00000000eab00000, 0x00000000ecc00000, 0x0000000100000000)
  eden space 25600K, 78% used [0x00000000eab00000,0x00000000ebe8f558,0x00000000ec400000)
  from space 4096K, 0% used [0x00000000ec800000,0x00000000ec800000,0x00000000ecc00000)
  to   space 4096K, 0% used [0x00000000ec400000,0x00000000ec400000,0x00000000ec800000)
 ParOldGen       total 68608K, used 9530K [0x00000000c0000000, 0x00000000c4300000, 0x00000000eab00000)
  object space 68608K, 13% used [0x00000000c0000000,0x00000000c094eac0,0x00000000c4300000)
 Metaspace       used 23981K, capacity 25196K, committed 25472K, reserved 1075200K
  class space    used 2187K, capacity 2628K, committed 2688K, reserved 1048576K

Card table byte_map: [0x000001b65a7f0000,0x000001b65aa00000] _byte_map_base: 0x000001b65a1f0000

Marking Bits: (ParMarkBitMap*) 0x00007ffabbbef440
 Begin Bits: [0x000001b672280000, 0x000001b673280000)
 End Bits:   [0x000001b673280000, 0x000001b674280000)

Polling page: 0x000001b65a5e0000

Metaspace:

Usage:
  Non-class:     22.04 MB capacity,    21.28 MB ( 97%) used,   732.20 KB (  3%) free+waste,    41.19 KB ( <1%) overhead. 
      Class:      2.57 MB capacity,     2.14 MB ( 83%) used,   421.05 KB ( 16%) free+waste,    19.25 KB ( <1%) overhead. 
       Both:     24.61 MB capacity,    23.42 MB ( 95%) used,     1.13 MB (  5%) free+waste,    60.44 KB ( <1%) overhead. 

Virtual space:
  Non-class space:       26.00 MB reserved,      22.25 MB ( 86%) committed 
      Class space:        1.00 GB reserved,       2.63 MB ( <1%) committed 
             Both:        1.03 GB reserved,      24.88 MB (  2%) committed 

Chunk freelists:
   Non-Class:  3.00 KB
       Class:  3.50 KB
        Both:  6.50 KB

CodeHeap 'non-profiled nmethods': size=120000Kb used=766Kb max_used=842Kb free=119233Kb
 bounds [0x000001b66ad50000, 0x000001b66afc0000, 0x000001b672280000]
CodeHeap 'profiled nmethods': size=120000Kb used=4804Kb max_used=4804Kb free=115195Kb
 bounds [0x000001b663820000, 0x000001b663ce0000, 0x000001b66ad50000]
CodeHeap 'non-nmethods': size=5760Kb used=1161Kb max_used=1173Kb free=4598Kb
 bounds [0x000001b663280000, 0x000001b6634f0000, 0x000001b663820000]
 total_blobs=2658 nmethods=2159 adapters=411
 compilation: enabled
              stopped_count=0, restarted_count=0
 full_count=0

Compilation events (10 events):
Event: 3.573 Thread 0x000001b674c69800 2364       3       jdk.internal.reflect.FieldAccessorImpl::<init> (5 bytes)
Event: 3.573 Thread 0x000001b674c69800 nmethod 2364 0x000001b6638a8210 code [0x000001b6638a83c0, 0x000001b6638a85d8]
Event: 3.573 Thread 0x000001b674c69800 2365       3       jdk.internal.reflect.UnsafeStaticFieldAccessorImpl::<init> (17 bytes)
Event: 3.573 Thread 0x000001b674c69800 nmethod 2365 0x000001b6638a7a90 code [0x000001b6638a7c60, 0x000001b6638a7fd0]
Event: 3.573 Thread 0x000001b674c69800 2366       3       jdk.internal.misc.Unsafe::staticFieldOffset (18 bytes)
Event: 3.573 Thread 0x000001b674c69800 nmethod 2366 0x000001b6638ab190 code [0x000001b6638ab360, 0x000001b6638ab5e0]
Event: 3.573 Thread 0x000001b674c69800 2368       3       jdk.internal.misc.Unsafe::staticFieldBase (18 bytes)
Event: 3.574 Thread 0x000001b674c69800 nmethod 2368 0x000001b6638aab90 code [0x000001b6638aad60, 0x000001b6638aafe0]
Event: 3.574 Thread 0x000001b674c69800 2370   !   3       sun.security.util.ManifestEntryVerifier::setEntry (298 bytes)
Event: 3.576 Thread 0x000001b674c69800 nmethod 2370 0x000001b663a3de90 code [0x000001b663a3e4c0, 0x000001b663a41aa0]

GC Heap History (10 events):
Event: 1.019 GC heap before
{Heap before GC invocations=1 (full 0):
 PSYoungGen      total 29696K, used 25600K [0x00000000eab00000, 0x00000000ecc00000, 0x0000000100000000)
  eden space 25600K, 100% used [0x00000000eab00000,0x00000000ec400000,0x00000000ec400000)
  from space 4096K, 0% used [0x00000000ec800000,0x00000000ec800000,0x00000000ecc00000)
  to   space 4096K, 0% used [0x00000000ec400000,0x00000000ec400000,0x00000000ec800000)
 ParOldGen       total 68608K, used 0K [0x00000000c0000000, 0x00000000c4300000, 0x00000000eab00000)
  object space 68608K, 0% used [0x00000000c0000000,0x00000000c0000000,0x00000000c4300000)
 Metaspace       used 10011K, capacity 10320K, committed 10496K, reserved 1058816K
  class space    used 907K, capacity 997K, committed 1024K, reserved 1048576K
}
Event: 1.053 GC heap after
{Heap after GC invocations=1 (full 0):
 PSYoungGen      total 29696K, used 2952K [0x00000000eab00000, 0x00000000ecc00000, 0x0000000100000000)
  eden space 25600K, 0% used [0x00000000eab00000,0x00000000eab00000,0x00000000ec400000)
  from space 4096K, 72% used [0x00000000ec400000,0x00000000ec6e2020,0x00000000ec800000)
  to   space 4096K, 0% used [0x00000000ec800000,0x00000000ec800000,0x00000000ecc00000)
 ParOldGen       total 68608K, used 8K [0x00000000c0000000, 0x00000000c4300000, 0x00000000eab00000)
  object space 68608K, 0% used [0x00000000c0000000,0x00000000c0002000,0x00000000c4300000)
 Metaspace       used 10011K, capacity 10320K, committed 10496K, reserved 1058816K
  class space    used 907K, capacity 997K, committed 1024K, reserved 1048576K
}
Event: 2.513 GC heap before
{Heap before GC invocations=2 (full 0):
 PSYoungGen      total 29696K, used 28552K [0x00000000eab00000, 0x00000000ecc00000, 0x0000000100000000)
  eden space 25600K, 100% used [0x00000000eab00000,0x00000000ec400000,0x00000000ec400000)
  from space 4096K, 72% used [0x00000000ec400000,0x00000000ec6e2020,0x00000000ec800000)
  to   space 4096K, 0% used [0x00000000ec800000,0x00000000ec800000,0x00000000ecc00000)
 ParOldGen       total 68608K, used 8K [0x00000000c0000000, 0x00000000c4300000, 0x00000000eab00000)
  object space 68608K, 0% used [0x00000000c0000000,0x00000000c0002000,0x00000000c4300000)
 Metaspace       used 13797K, capacity 14136K, committed 14208K, reserved 1062912K
  class space    used 1264K, capacity 1394K, committed 1408K, reserved 1048576K
}
Event: 2.527 GC heap after
{Heap after GC invocations=2 (full 0):
 PSYoungGen      total 29696K, used 4072K [0x00000000eab00000, 0x00000000ecc00000, 0x0000000100000000)
  eden space 25600K, 0% used [0x00000000eab00000,0x00000000eab00000,0x00000000ec400000)
  from space 4096K, 99% used [0x00000000ec800000,0x00000000ecbfa000,0x00000000ecc00000)
  to   space 4096K, 0% used [0x00000000ec400000,0x00000000ec400000,0x00000000ec800000)
 ParOldGen       total 68608K, used 809K [0x00000000c0000000, 0x00000000c4300000, 0x00000000eab00000)
  object space 68608K, 1% used [0x00000000c0000000,0x00000000c00ca628,0x00000000c4300000)
 Metaspace       used 13797K, capacity 14136K, committed 14208K, reserved 1062912K
  class space    used 1264K, capacity 1394K, committed 1408K, reserved 1048576K
}
Event: 3.070 GC heap before
{Heap before GC invocations=3 (full 0):
 PSYoungGen      total 29696K, used 29672K [0x00000000eab00000, 0x00000000ecc00000, 0x0000000100000000)
  eden space 25600K, 100% used [0x00000000eab00000,0x00000000ec400000,0x00000000ec400000)
  from space 4096K, 99% used [0x00000000ec800000,0x00000000ecbfa000,0x00000000ecc00000)
  to   space 4096K, 0% used [0x00000000ec400000,0x00000000ec400000,0x00000000ec800000)
 ParOldGen       total 68608K, used 809K [0x00000000c0000000, 0x00000000c4300000, 0x00000000eab00000)
  object space 68608K, 1% used [0x00000000c0000000,0x00000000c00ca628,0x00000000c4300000)
 Metaspace       used 17182K, capacity 17831K, committed 17920K, reserved 1064960K
  class space    used 1607K, capacity 1773K, committed 1792K, reserved 1048576K
}
Event: 3.079 GC heap after
{Heap after GC invocations=3 (full 0):
 PSYoungGen      total 29696K, used 4090K [0x00000000eab00000, 0x00000000ecc00000, 0x0000000100000000)
  eden space 25600K, 0% used [0x00000000eab00000,0x00000000eab00000,0x00000000ec400000)
  from space 4096K, 99% used [0x00000000ec400000,0x00000000ec7fea48,0x00000000ec800000)
  to   space 4096K, 0% used [0x00000000ec800000,0x00000000ec800000,0x00000000ecc00000)
 ParOldGen       total 68608K, used 4638K [0x00000000c0000000, 0x00000000c4300000, 0x00000000eab00000)
  object space 68608K, 6% used [0x00000000c0000000,0x00000000c0487ad0,0x00000000c4300000)
 Metaspace       used 17182K, capacity 17831K, committed 17920K, reserved 1064960K
  class space    used 1607K, capacity 1773K, committed 1792K, reserved 1048576K
}
Event: 3.329 GC heap before
{Heap before GC invocations=4 (full 0):
 PSYoungGen      total 29696K, used 19951K [0x00000000eab00000, 0x00000000ecc00000, 0x0000000100000000)
  eden space 25600K, 61% used [0x00000000eab00000,0x00000000eba7d4e8,0x00000000ec400000)
  from space 4096K, 99% used [0x00000000ec400000,0x00000000ec7fea48,0x00000000ec800000)
  to   space 4096K, 0% used [0x00000000ec800000,0x00000000ec800000,0x00000000ecc00000)
 ParOldGen       total 68608K, used 4638K [0x00000000c0000000, 0x00000000c4300000, 0x00000000eab00000)
  object space 68608K, 6% used [0x00000000c0000000,0x00000000c0487ad0,0x00000000c4300000)
 Metaspace       used 20180K, capacity 21170K, committed 21248K, reserved 1069056K
  class space    used 1886K, capacity 2266K, committed 2304K, reserved 1048576K
}
Event: 3.335 GC heap after
{Heap after GC invocations=4 (full 0):
 PSYoungGen      total 29696K, used 4095K [0x00000000eab00000, 0x00000000ecc00000, 0x0000000100000000)
  eden space 25600K, 0% used [0x00000000eab00000,0x00000000eab00000,0x00000000ec400000)
  from space 4096K, 99% used [0x00000000ec800000,0x00000000ecbffe30,0x00000000ecc00000)
  to   space 4096K, 0% used [0x00000000ec400000,0x00000000ec400000,0x00000000ec800000)
 ParOldGen       total 68608K, used 5785K [0x00000000c0000000, 0x00000000c4300000, 0x00000000eab00000)
  object space 68608K, 8% used [0x00000000c0000000,0x00000000c05a67a0,0x00000000c4300000)
 Metaspace       used 20180K, capacity 21170K, committed 21248K, reserved 1069056K
  class space    used 1886K, capacity 2266K, committed 2304K, reserved 1048576K
}
Event: 3.335 GC heap before
{Heap before GC invocations=5 (full 1):
 PSYoungGen      total 29696K, used 4095K [0x00000000eab00000, 0x00000000ecc00000, 0x0000000100000000)
  eden space 25600K, 0% used [0x00000000eab00000,0x00000000eab00000,0x00000000ec400000)
  from space 4096K, 99% used [0x00000000ec800000,0x00000000ecbffe30,0x00000000ecc00000)
  to   space 4096K, 0% used [0x00000000ec400000,0x00000000ec400000,0x00000000ec800000)
 ParOldGen       total 68608K, used 5785K [0x00000000c0000000, 0x00000000c4300000, 0x00000000eab00000)
  object space 68608K, 8% used [0x00000000c0000000,0x00000000c05a67a0,0x00000000c4300000)
 Metaspace       used 20180K, capacity 21170K, committed 21248K, reserved 1069056K
  class space    used 1886K, capacity 2266K, committed 2304K, reserved 1048576K
}
Event: 3.402 GC heap after
{Heap after GC invocations=5 (full 1):
 PSYoungGen      total 29696K, used 0K [0x00000000eab00000, 0x00000000ecc00000, 0x0000000100000000)
  eden space 25600K, 0% used [0x00000000eab00000,0x00000000eab00000,0x00000000ec400000)
  from space 4096K, 0% used [0x00000000ec800000,0x00000000ec800000,0x00000000ecc00000)
  to   space 4096K, 0% used [0x00000000ec400000,0x00000000ec400000,0x00000000ec800000)
 ParOldGen       total 68608K, used 9530K [0x00000000c0000000, 0x00000000c4300000, 0x00000000eab00000)
  object space 68608K, 13% used [0x00000000c0000000,0x00000000c094eac0,0x00000000c4300000)
 Metaspace       used 20180K, capacity 21170K, committed 21248K, reserved 1069056K
  class space    used 1886K, capacity 2266K, committed 2304K, reserved 1048576K
}

Deoptimization events (10 events):
Event: 3.282 Thread 0x000001b6778f6800 Uncommon trap: reason=unstable_if action=reinterpret pc=0x000001b66ad833d0 method=lombok.patcher.PatchScript.classMatches(Ljava/lang/String;Ljava/util/Collection;)Z @ 25 c2
Event: 3.288 Thread 0x000001b6778f6800 Uncommon trap: reason=unstable_if action=reinterpret pc=0x000001b66adbf740 method=java.lang.String.indexOf([BBILjava/lang/String;I)I @ 21 c2
Event: 3.408 Thread 0x000001b6778f6800 Uncommon trap: reason=class_check action=maybe_recompile pc=0x000001b66adcd700 method=java.io.DataInputStream.readFully([BII)V @ 34 c2
Event: 3.409 Thread 0x000001b6778f6800 Uncommon trap: reason=class_check action=maybe_recompile pc=0x000001b66adcd700 method=java.io.DataInputStream.readFully([BII)V @ 34 c2
Event: 3.409 Thread 0x000001b6778f6800 Uncommon trap: reason=class_check action=maybe_recompile pc=0x000001b66adcd700 method=java.io.DataInputStream.readFully([BII)V @ 34 c2
Event: 3.411 Thread 0x000001b6778f6800 Uncommon trap: reason=bimorphic_or_optimized_type_check action=maybe_recompile pc=0x000001b66ad7e06c method=java.io.DataInputStream.readByte()B @ 4 c2
Event: 3.412 Thread 0x000001b6778f6800 Uncommon trap: reason=bimorphic_or_optimized_type_check action=maybe_recompile pc=0x000001b66ad7e06c method=java.io.DataInputStream.readByte()B @ 4 c2
Event: 3.412 Thread 0x000001b6778f6800 Uncommon trap: reason=bimorphic_or_optimized_type_check action=maybe_recompile pc=0x000001b66ad7e06c method=java.io.DataInputStream.readByte()B @ 4 c2
Event: 3.412 Thread 0x000001b6778f6800 Uncommon trap: reason=bimorphic_or_optimized_type_check action=maybe_recompile pc=0x000001b66ad7e06c method=java.io.DataInputStream.readByte()B @ 4 c2
Event: 3.412 Thread 0x000001b6778f6800 Uncommon trap: reason=class_check action=maybe_recompile pc=0x000001b66adcd700 method=java.io.DataInputStream.readFully([BII)V @ 34 c2

Classes redefined (0 events):
No events

Internal exceptions (10 events):
Event: 2.621 Thread 0x000001b6778f6800 Exception <a 'java/lang/NoSuchMethodError'{0x00000000eb07f9e0}: java.lang.invoke.DelegatingMethodHandle$Holder.reinvoke_L(Ljava/lang/Object;IILjava/lang/Object;Ljava/lang/Object;Ljava/lang/Object;)Ljava/lang/Object;> (0x00000000eb07f9e0) thrown at [./open
Event: 2.622 Thread 0x000001b6778f6800 Exception <a 'java/lang/NoSuchMethodError'{0x00000000eb08c438}: java.lang.invoke.DirectMethodHandle$Holder.invokeStatic(Ljava/lang/Object;Ljava/lang/Object;Ljava/lang/Object;Ljava/lang/Object;I)Ljava/lang/Object;> (0x00000000eb08c438) thrown at [./open/sr
Event: 2.739 Thread 0x000001b6778f6800 Implicit null exception at 0x000001b66ada36d7 to 0x000001b66ada494e
Event: 2.740 Thread 0x000001b6778f6800 Implicit null exception at 0x000001b66ada1303 to 0x000001b66ada2382
Event: 3.112 Thread 0x000001b6778f6800 Exception <a 'java/io/FileNotFoundException'{0x00000000eacfca70}> (0x00000000eacfca70) thrown at [./open/src/hotspot/share/prims/jni.cpp, line 611]
Event: 3.304 Thread 0x000001b6778f6800 Exception <a 'java/io/FileNotFoundException'{0x00000000eb89f970}> (0x00000000eb89f970) thrown at [./open/src/hotspot/share/prims/jni.cpp, line 611]
Event: 3.461 Thread 0x000001b6778f6800 Exception <a 'java/lang/NoSuchMethodError'{0x00000000eaf8fe80}: java.lang.invoke.DirectMethodHandle$Holder.invokeStaticInit(Ljava/lang/Object;Ljava/lang/Object;Ljava/lang/Object;)I> (0x00000000eaf8fe80) thrown at [./open/src/hotspot/share/interpreter/link
Event: 3.486 Thread 0x000001b6778f6800 Exception <a 'sun/nio/fs/WindowsException'{0x00000000eb17ae98}> (0x00000000eb17ae98) thrown at [./open/src/hotspot/share/prims/jni.cpp, line 611]
Event: 3.569 Thread 0x000001b6778f6800 Exception <a 'java/lang/OutOfMemoryError'{0x00000000ebbac2e8}> (0x00000000ebbac2e8) thrown at [./open/src/hotspot/share/prims/jni.cpp, line 632]
Event: 3.570 Thread 0x000001b6778f6800 Exception <a 'java/lang/OutOfMemoryError'{0x00000000ebbac2e8}> (0x00000000ebbac2e8) thrown at [./open/src/hotspot/share/prims/jvm.cpp, line 1300]

Events (10 events):
Event: 3.575 loading class org/osgi/service/log/LogEntry
Event: 3.575 loading class org/osgi/service/log/LogEntry done
Event: 3.576 loading class java/io/StringWriter
Event: 3.576 loading class java/io/StringWriter done
Event: 3.576 loading class java/io/PrintWriter
Event: 3.576 loading class java/io/PrintWriter done
Event: 3.576 loading class java/lang/Throwable$WrappedPrintWriter
Event: 3.576 loading class java/lang/Throwable$PrintStreamOrWriter
Event: 3.576 loading class java/lang/Throwable$PrintStreamOrWriter done
Event: 3.576 loading class java/lang/Throwable$WrappedPrintWriter done


Dynamic libraries:
0x00007ff6c9130000 - 0x00007ff6c913f000 	C:\Program Files\Java\jdk-11.0.9\bin\java.exe
0x00007ffb05810000 - 0x00007ffb05a05000 	C:\Windows\SYSTEM32\ntdll.dll
0x00007ffb05530000 - 0x00007ffb055ed000 	C:\Windows\System32\KERNEL32.DLL
0x00007ffb03310000 - 0x00007ffb035d9000 	C:\Windows\System32\KERNELBASE.dll
0x00007ffb03210000 - 0x00007ffb03310000 	C:\Windows\System32\ucrtbase.dll
0x00007ffaf8970000 - 0x00007ffaf8988000 	C:\Program Files\Java\jdk-11.0.9\bin\jli.dll
0x00007ffaf89b0000 - 0x00007ffaf89c5000 	C:\Program Files\Java\jdk-11.0.9\bin\VCRUNTIME140.dll
0x00007ffb04a30000 - 0x00007ffb04adc000 	C:\Windows\System32\ADVAPI32.dll
0x00007ffb04bb0000 - 0x00007ffb04c4e000 	C:\Windows\System32\msvcrt.dll
0x00007ffb056d0000 - 0x00007ffb0576c000 	C:\Windows\System32\sechost.dll
0x00007ffb04010000 - 0x00007ffb0413b000 	C:\Windows\System32\RPCRT4.dll
0x00007ffb04140000 - 0x00007ffb042e0000 	C:\Windows\System32\USER32.dll
0x00007ffaf3f40000 - 0x00007ffaf41da000 	C:\Windows\WinSxS\amd64_microsoft.windows.common-controls_6595b64144ccf1df_6.0.19041.844_none_ca00b6081b84eb1d\COMCTL32.dll
0x00007ffb02f50000 - 0x00007ffb02f72000 	C:\Windows\System32\win32u.dll
0x00007ffb04720000 - 0x00007ffb0474a000 	C:\Windows\System32\GDI32.dll
0x00007ffb03100000 - 0x00007ffb0320b000 	C:\Windows\System32\gdi32full.dll
0x00007ffb03030000 - 0x00007ffb030cd000 	C:\Windows\System32\msvcp_win.dll
0x00007ffafc410000 - 0x00007ffafc41a000 	C:\Windows\SYSTEM32\VERSION.dll
0x00007ffb056a0000 - 0x00007ffb056d0000 	C:\Windows\System32\IMM32.DLL
0x00007ffae3c10000 - 0x00007ffae3cab000 	C:\Program Files\Java\jdk-11.0.9\bin\msvcp140.dll
0x00007ffabb1b0000 - 0x00007ffabbca7000 	C:\Program Files\Java\jdk-11.0.9\bin\server\jvm.dll
0x00007ffb04c50000 - 0x00007ffb04c58000 	C:\Windows\System32\PSAPI.DLL
0x00007ffaec7b0000 - 0x00007ffaec7b9000 	C:\Windows\SYSTEM32\WSOCK32.dll
0x00007ffaf9e20000 - 0x00007ffaf9e47000 	C:\Windows\SYSTEM32\WINMM.dll
0x00007ffb04ae0000 - 0x00007ffb04b4b000 	C:\Windows\System32\WS2_32.dll
0x00007ffb00eb0000 - 0x00007ffb00ec2000 	C:\Windows\SYSTEM32\kernel.appcore.dll
0x00007ffafb8e0000 - 0x00007ffafb8f0000 	C:\Program Files\Java\jdk-11.0.9\bin\verify.dll
0x00007ffaebb20000 - 0x00007ffaebd04000 	C:\Windows\SYSTEM32\DBGHELP.DLL
0x00007ffaec060000 - 0x00007ffaec08c000 	C:\Windows\SYSTEM32\dbgcore.DLL
0x00007ffb037a0000 - 0x00007ffb03820000 	C:\Windows\System32\bcryptPrimitives.dll
0x00007ffaf0ed0000 - 0x00007ffaf0ef8000 	C:\Program Files\Java\jdk-11.0.9\bin\java.dll
0x00007ffaf6da0000 - 0x00007ffaf6daa000 	C:\Program Files\Java\jdk-11.0.9\bin\jimage.dll
0x00007ffaf6d90000 - 0x00007ffaf6d9e000 	C:\Program Files\Java\jdk-11.0.9\bin\instrument.dll
0x00007ffaf0eb0000 - 0x00007ffaf0ec6000 	C:\Program Files\Java\jdk-11.0.9\bin\zip.dll
0x00007ffb04cc0000 - 0x00007ffb05402000 	C:\Windows\System32\SHELL32.dll
0x00007ffb010b0000 - 0x00007ffb01840000 	C:\Windows\SYSTEM32\windows.storage.dll
0x00007ffb042e0000 - 0x00007ffb04635000 	C:\Windows\System32\combase.dll
0x00007ffb028f0000 - 0x00007ffb0291c000 	C:\Windows\SYSTEM32\Wldp.dll
0x00007ffb055f0000 - 0x00007ffb0569e000 	C:\Windows\System32\SHCORE.dll
0x00007ffb03e90000 - 0x00007ffb03ee5000 	C:\Windows\System32\shlwapi.dll
0x00007ffb02e90000 - 0x00007ffb02eaf000 	C:\Windows\SYSTEM32\profapi.dll
0x00007ffaf0d60000 - 0x00007ffaf0d79000 	C:\Program Files\Java\jdk-11.0.9\bin\net.dll
0x00007ffafafb0000 - 0x00007ffafb0bc000 	C:\Windows\SYSTEM32\WINHTTP.dll
0x00007ffb02670000 - 0x00007ffb026da000 	C:\Windows\system32\mswsock.dll
0x00007ffaed3a0000 - 0x00007ffaed3b2000 	C:\Program Files\Java\jdk-11.0.9\bin\nio.dll
0x00007ffb02850000 - 0x00007ffb02868000 	C:\Windows\SYSTEM32\CRYPTSP.dll
0x00007ffb02010000 - 0x00007ffb02044000 	C:\Windows\system32\rsaenh.dll
0x00007ffb030d0000 - 0x00007ffb030f7000 	C:\Windows\System32\bcrypt.dll
0x00007ffb02e50000 - 0x00007ffb02e7e000 	C:\Windows\SYSTEM32\USERENV.dll
0x00007ffb02840000 - 0x00007ffb0284c000 	C:\Windows\SYSTEM32\CRYPTBASE.dll
0x00007ffb02360000 - 0x00007ffb0239b000 	C:\Windows\SYSTEM32\IPHLPAPI.DLL
0x00007ffb03f70000 - 0x00007ffb03f78000 	C:\Windows\System32\NSI.dll
0x00007ffafcbe0000 - 0x00007ffafcbf7000 	C:\Windows\SYSTEM32\dhcpcsvc6.DLL
0x00007ffafcbc0000 - 0x00007ffafcbdd000 	C:\Windows\SYSTEM32\dhcpcsvc.DLL
0x00007ffb023a0000 - 0x00007ffb0246b000 	C:\Windows\SYSTEM32\DNSAPI.dll
0x00007ffae3be0000 - 0x00007ffae3c09000 	C:\Users\ramonzito\AppData\Roaming\Code\User\globalStorage\redhat.java\0.76.0\config_win\org.eclipse.equinox.launcher\org.eclipse.equinox.launcher.win32.win32.x86_64_1.2.100.v20210209-1541\eclipse_11301.dll

dbghelp: loaded successfully - version: 4.0.5 - missing functions: none
symbol engine: initialized successfully - sym options: 0x614 - pdb path: .;C:\Program Files\Java\jdk-11.0.9\bin;C:\Windows\SYSTEM32;C:\Windows\WinSxS\amd64_microsoft.windows.common-controls_6595b64144ccf1df_6.0.19041.844_none_ca00b6081b84eb1d;C:\Program Files\Java\jdk-11.0.9\bin\server;C:\Users\ramonzito\AppData\Roaming\Code\User\globalStorage\redhat.java\0.76.0\config_win\org.eclipse.equinox.launcher\org.eclipse.equinox.launcher.win32.win32.x86_64_1.2.100.v20210209-1541

VM Arguments:
jvm_args: --add-modules=ALL-SYSTEM --add-opens=java.base/java.util=ALL-UNNAMED --add-opens=java.base/java.lang=ALL-UNNAMED -Declipse.application=org.eclipse.jdt.ls.core.id1 -Dosgi.bundles.defaultStartLevel=4 -Declipse.product=org.eclipse.jdt.ls.core.product -Dfile.encoding=utf8 -DwatchParentProcess=false -XX:+UseParallelGC -XX:GCTimeRatio=4 -XX:AdaptiveSizePolicyWeight=90 -Dsun.zip.disableMemoryMapping=true -Xmx1G -Xms100m -javaagent:c:\Users\ramonzito\.vscode\extensions\gabrielbb.vscode-lombok-1.0.1\server\lombok.jar -Xverify:none 
java_command: c:\Users\ramonzito\.vscode\extensions\redhat.java-0.76.0\server\plugins\org.eclipse.equinox.launcher_1.6.100.v20201223-0822.jar -configuration c:\Users\ramonzito\AppData\Roaming\Code\User\globalStorage\redhat.java\0.76.0\config_win -data c:\Users\ramonzito\AppData\Roaming\Code\User\workspaceStorage\74d96b6234e910250441b717b81e5b40\redhat.java\jdt_ws
java_class_path (initial): c:\Users\ramonzito\.vscode\extensions\redhat.java-0.76.0\server\plugins\org.eclipse.equinox.launcher_1.6.100.v20201223-0822.jar
Launcher Type: SUN_STANDARD

[Global flags]
    uintx AdaptiveSizePolicyWeight                 = 90                                        {product} {command line}
     bool BytecodeVerificationLocal                = false                                     {product} {command line}
     bool BytecodeVerificationRemote               = false                                     {product} {command line}
     intx CICompilerCount                          = 4                                         {product} {ergonomic}
    uintx GCTimeRatio                              = 4                                         {product} {command line}
   size_t InitialHeapSize                          = 104857600                                 {product} {command line}
   size_t MaxHeapSize                              = 1073741824                                {product} {command line}
   size_t MaxNewSize                               = 357564416                                 {product} {ergonomic}
   size_t MinHeapDeltaBytes                        = 524288                                    {product} {ergonomic}
   size_t NewSize                                  = 34603008                                  {product} {ergonomic}
    uintx NonNMethodCodeHeapSize                   = 5836300                                {pd product} {ergonomic}
    uintx NonProfiledCodeHeapSize                  = 122910970                              {pd product} {ergonomic}
   size_t OldSize                                  = 70254592                                  {product} {ergonomic}
    uintx ProfiledCodeHeapSize                     = 122910970                              {pd product} {ergonomic}
    uintx ReservedCodeCacheSize                    = 251658240                              {pd product} {ergonomic}
     bool SegmentedCodeCache                       = true                                      {product} {ergonomic}
     bool UseCompressedClassPointers               = true                                 {lp64_product} {ergonomic}
     bool UseCompressedOops                        = true                                 {lp64_product} {ergonomic}
     bool UseLargePagesIndividualAllocation        = false                                  {pd product} {ergonomic}
     bool UseParallelGC                            = true                                      {product} {command line}

Logging:
Log output configuration:
 #0: stdout all=warning uptime,level,tags
 #1: stderr all=off uptime,level,tags

Environment Variables:
JAVA_HOME=C:\Program Files\Java\jdk-11.0.9
PATH=C:\Program Files\Python39\Scripts\;C:\Program Files\Python39\;C:\Program Files\Common Files\Oracle\Java\javapath;C:\Program Files\AdoptOpenJDK\jdk-11.0.9.101-hotspot\bin;C:\Program Files\AdoptOpenJDK\jdk-8.0.275.1-hotspot\bin;C:\Windows\system32;C:\Windows;C:\Windows\System32\Wbem;C:\Windows\System32\WindowsPowerShell\v1.0\;C:\Windows\System32\OpenSSH\;C:\Program Files (x86)\NVIDIA Corporation\PhysX\Common;C:\Program Files\Microsoft VS Code\bin;C:\Program Files\nodejs\;C:\Program Files\Apache\apache-maven-3.6.3\bin;C:\Program Files\Java\jdk-11.0.9\bin;C:\Program Files\Git\cmd;C:\Program Files\MySQL\MySQL Server 8.0\bin;C:\xampp\mysql\bin;C:\ProgramData\chocolatey\bin;;C:\Program Files\NVIDIA Corporation\NVIDIA NvDLISR;C:\Program Files\PuTTY\;C:\Users\ramonzito\AppData\Local\Microsoft\WindowsApps;C:\Users\ramonzito\AppData\Roaming\npm;C:\Program Files\Heroku\bin
USERNAME=ramonzito
OS=Windows_NT
PROCESSOR_IDENTIFIER=Intel64 Family 6 Model 142 Stepping 10, GenuineIntel



---------------  S Y S T E M  ---------------

OS: Windows 10 , 64 bit Build 19041 (10.0.19041.804)

CPU:total 8 (initial active 8) (4 cores per cpu, 2 threads per core) family 6 model 142 stepping 10, cmov, cx8, fxsr, mmx, sse, sse2, sse3, ssse3, sse4.1, sse4.2, popcnt, avx, avx2, aes, clmul, erms, 3dnowpref, lzcnt, ht, tsc, tscinvbit, bmi1, bmi2, adx, fma

Memory: 4k page, system-wide physical 8074M (1233M free)
TotalPageFile size 8074M (AvailPageFile size 3M)
current process WorkingSet (physical memory assigned to process): 120M, peak: 120M
current process commit charge ("private bytes"): 231M, peak: 231M

vm_info: Java HotSpot(TM) 64-Bit Server VM (11.0.9+7-LTS) for windows-amd64 JRE (11.0.9+7-LTS), built on Sep 15 2020 16:47:03 by "mach5one" with MS VC++ 15.9 (VS2017)

END.
